<?xml version="1.0" encoding="UTF-8"?>
<!-- Generated by org.testng.reporters.JUnitXMLReporter -->
<testsuite ignored="1" hostname="EC2AMAZ-8KL45D2" failures="0" tests="14" name="test-1" time="80.892" errors="0" timestamp="2024-09-27T07:19:24 UTC">
  <testcase classname="com.Web_Order.test.WebOrder_CreateOrder_Test" name="createAndVerifyOrder" time="6.738"/>
  <testcase classname="com.Web_Order.test.WebOrder_CreateOrder_Test" name="createAndVerifyOrder" time="5.991"/>
  <testcase classname="com.Web_Order.test.WebOrder_CreateOrder_Test" name="createAndVerifyOrder" time="14.539"/>
  <testcase classname="com.Web_Order.test.WebOrder_CreateOrder_Test" name="createAndVerifyOrder" time="4.665"/>
  <testcase classname="com.Web_Order.test.WebOrder_CreateOrder_Test" name="createAndVerifyOrder" time="4.406"/>
  <testcase classname="com.Web_Order.test.WebOrder_CreateOrder_Test" name="createAndVerifyOrder" time="4.382"/>
  <testcase classname="com.Web_Order.test.WebOrder_CreateOrder_Test" name="createAndVerifyOrder" time="4.648"/>
  <testcase classname="com.Web_Order.test.WebOrder_CreateOrder_Test" name="createAndVerifyOrder" time="4.581"/>
  <testcase classname="com.Web_Order.test.WebOrder_CreateOrder_Test" name="createAndVerifyOrder" time="4.329"/>
  <testcase classname="com.Web_Order.test.WebOrder_CreateOrder_Test" name="createAndVerifyOrder" time="4.268"/>
  <testcase classname="com.Web_Order.test.WebOrder_CreateOrder_Test" name="createAndVerifyOrder" time="4.55"/>
  <testcase classname="com.Web_Order.test.WebOrder_CreateOrder_Test" name="createAndVerifyOrder" time="4.424"/>
  <testcase classname="com.Web_Order.test.WebOrder_CreateOrder_Test" name="createAndVerifyOrder" time="4.161"/>
  <testcase classname="com.Web_Order.test.WebOrder_CreateOrder_Test" name="createAndVerifyOrder" time="4.545"/>
  <testcase classname="com.Web_Order.test.WebOrder_CreateOrder_Test" name="verifyCheckAll" time="0.0">
    <ignored/>
  </testcase> <!-- verifyCheckAll -->
</testsuite> <!-- test-1 -->
