<?xml version="1.0" encoding="UTF-8"?>
<!-- Generated by org.testng.reporters.JUnitReportReporter -->
<testsuite hostname="EC2AMAZ-8KL45D2" failures="0" tests="15" name="com.Web_Order.test.WebOrder_CreateOrder_Test" time="76.242" errors="0" timestamp="2024-09-27T07:19:24 UTC" skipped="1">
  <testcase classname="com.Web_Order.test.WebOrder_CreateOrder_Test" name="createAndVerifyOrder" time="4.582"/>
  <system-out/>
  <testcase classname="com.Web_Order.test.WebOrder_CreateOrder_Test" name="createAndVerifyOrder" time="4.665"/>
  <system-out/>
  <testcase classname="com.Web_Order.test.WebOrder_CreateOrder_Test" name="createAndVerifyOrder" time="4.551"/>
  <system-out/>
  <testcase classname="com.Web_Order.test.WebOrder_CreateOrder_Test" name="createAndVerifyOrder" time="4.406"/>
  <system-out/>
  <testcase classname="com.Web_Order.test.WebOrder_CreateOrder_Test" name="createAndVerifyOrder" time="4.648"/>
  <system-out/>
  <testcase classname="com.Web_Order.test.WebOrder_CreateOrder_Test" name="createAndVerifyOrder" time="14.539"/>
  <system-out/>
  <testcase classname="com.Web_Order.test.WebOrder_CreateOrder_Test" name="createAndVerifyOrder" time="6.001"/>
  <system-out/>
  <testcase classname="com.Web_Order.test.WebOrder_CreateOrder_Test" name="createAndVerifyOrder" time="4.268"/>
  <system-out/>
  <testcase classname="com.Web_Order.test.WebOrder_CreateOrder_Test" name="createAndVerifyOrder" time="4.329"/>
  <system-out/>
  <testcase classname="com.Web_Order.test.WebOrder_CreateOrder_Test" name="createAndVerifyOrder" time="4.382"/>
  <system-out/>
  <testcase classname="com.Web_Order.test.WebOrder_CreateOrder_Test" name="createAndVerifyOrder" time="4.161"/>
  <system-out/>
  <testcase classname="com.Web_Order.test.WebOrder_CreateOrder_Test" name="createAndVerifyOrder" time="4.546"/>
  <system-out/>
  <testcase classname="com.Web_Order.test.WebOrder_CreateOrder_Test" name="createAndVerifyOrder" time="6.738"/>
  <system-out/>
  <testcase classname="com.Web_Order.test.WebOrder_CreateOrder_Test" name="createAndVerifyOrder" time="4.426"/>
  <system-out/>
  <testcase classname="com.Web_Order.test.WebOrder_CreateOrder_Test" name="verifyCheckAll">
    <skipped/>
  </testcase> <!-- verifyCheckAll -->
  <system-out/>
</testsuite> <!-- com.Web_Order.test.WebOrder_CreateOrder_Test -->
