<?xml version="1.0" encoding="UTF-8"?>
<!-- Generated by org.testng.reporters.JUnitReportReporter -->
<testsuite hostname="EC2AMAZ-8KL45D2" failures="0" tests="3" name="com.Web_Order.test.WebOrders_Login" time="21.810" errors="0" timestamp="2024-09-27T06:55:22 UTC" skipped="0">
  <testcase classname="com.Web_Order.test.WebOrders_Login" name="loginTest" time="7.352"/>
  <system-out/>
  <testcase classname="com.Web_Order.test.WebOrders_Login" name="urlTest" time="7.300"/>
  <system-out/>
  <testcase classname="com.Web_Order.test.WebOrders_Login" name="verifyText" time="7.158"/>
  <system-out/>
</testsuite> <!-- com.Web_Order.test.WebOrders_Login -->
